  compilation object save succeeded; see F:\space\flatland attack\BasicAI\Shaders\Pixel.cso
  compilation object save succeeded; see F:\space\flatland attack\BasicAI\Shaders\Vertex.cso
  Animation.cpp
  Audio.cpp
  Background.cpp
  Blue.cpp
  Controller.cpp
  Delay.cpp
  Engine.cpp
  Explosion.cpp
  Font.cpp
  Game.cpp
  Game_over.cpp
  Geometry.cpp
  BasicAI.cpp
  Graphics.cpp
  Green.cpp
  Hud.cpp
  Image.cpp
  Magenta.cpp
  Missile.cpp
  Object.cpp
  Orange.cpp
  Particles.cpp
  Player.cpp
  Random.cpp
  Renderer.cpp
  Scene.cpp
  Sound.cpp
  Sprite.cpp
  Tela_inicial.cpp
  Texture.cpp
  TileSet.cpp
  Timer.cpp
  Vector.cpp
  WallHit.cpp
  WaveB.cpp
  WaveG.cpp
  WaveM.cpp
  WaveO.cpp
  WaveW.cpp
  White.cpp
  Window.cpp
  Gerando código
  Previous IPDB was built with incompatible compiler, fall back to full compilation.
  All 1448 functions were compiled because no usable IPDB/IOBJ from previous compilation was found.
  Finalizada a geração de código
  BasicAI.vcxproj -> F:\space\flatland attack\Release\BasicAI.exe
